<?xml version="1.0" encoding="UTF-8"?>
<!-- Generated by org.testng.reporters.JUnitXMLReporter -->
<testsuite ignored="0" hostname="DESKTOP-EVHE3NO" failures="1" tests="5" name="Test" time="141.024" errors="0" timestamp="2025-09-17T16:23:33 IST">
  <testcase classname="testcases.TC_01_shopPlanLink" name="TC_01_selectplnbutton" time="9.822"/>
  <testcase classname="testcases.TC_02_selectaPlan" name="TC_02_selectplan" time="10.56"/>
  <testcase classname="testcases.TC_03_bringYourPhone" name="TC_03_bringurphone" time="18.044"/>
  <testcase classname="testcases.TC_04_selectSIMobject" name="TC_04_selet_SIM" time="27.862"/>
  <testcase classname="testcases.TC_05_mycartPSIMadded" name="TC_05_mycartPSIMaddedex" time="38.041">
    <failure type="java.lang.AssertionError" message="Failed to navigate to next page  expected [Create accoun] but found [Create account]">
      <![CDATA[java.lang.AssertionError: Failed to navigate to next page  expected [Create accoun] but found [Create account]
at testcases.TC_05_mycartPSIMadded.TC_05_mycartPSIMaddedex(TC_05_mycartPSIMadded.java:51)
at java.base/java.util.ArrayList.forEach(ArrayList.java:1541)
at com.intellij.rt.testng.IDEARemoteTestNG.run(IDEARemoteTestNG.java:65)
at com.intellij.rt.testng.RemoteTestNGStarter.main(RemoteTestNGStarter.java:105)
... Removed 29 stack frames]]>
    </failure>
  </testcase> <!-- TC_05_mycartPSIMaddedex -->
</testsuite> <!-- Test -->
