<?xml version="1.0" encoding="UTF-8"?>
<testng-results ignored="0" total="5" passed="4" failed="1" skipped="0">
  <reporter-output>
  </reporter-output>
  <suite started-at="2025-09-17T16:21:11 IST" name="Suite" finished-at="2025-09-17T16:23:32 IST" duration-ms="141024">
    <groups>
      <group name="regression">
        <method signature="TC_01_shopPlanLink.TC_01_selectplnbutton()[pri:0, instance:testcases.TC_01_shopPlanLink@6d4e5011]" name="TC_01_selectplnbutton" class="testcases.TC_01_shopPlanLink"/>
        <method signature="TC_02_selectaPlan.TC_02_selectplan()[pri:0, instance:testcases.TC_02_selectaPlan@662b4c69]" name="TC_02_selectplan" class="testcases.TC_02_selectaPlan"/>
        <method signature="TC_03_bringYourPhone.TC_03_bringurphone()[pri:0, instance:testcases.TC_03_bringYourPhone@fa49800]" name="TC_03_bringurphone" class="testcases.TC_03_bringYourPhone"/>
        <method signature="TC_04_selectSIMobject.TC_04_selet_SIM()[pri:0, instance:testcases.TC_04_selectSIMobject@71238fc2]" name="TC_04_selet_SIM" class="testcases.TC_04_selectSIMobject"/>
        <method signature="TC_05_mycartPSIMadded.TC_05_mycartPSIMaddedex()[pri:0, instance:testcases.TC_05_mycartPSIMadded@2a54a73f]" name="TC_05_mycartPSIMaddedex" class="testcases.TC_05_mycartPSIMadded"/>
      </group> <!-- regression -->
    </groups>
    <test started-at="2025-09-17T16:21:11 IST" name="Test" finished-at="2025-09-17T16:23:32 IST" duration-ms="141024">
      <class name="testcases.TC_05_mycartPSIMadded">
        <test-method is-config="true" signature="launchBrowser(java.lang.String)[pri:0, instance:testcases.TC_05_mycartPSIMadded@2a54a73f]" started-at="2025-09-17T16:22:48 IST" name="launchBrowser" finished-at="2025-09-17T16:22:54 IST" duration-ms="6008" status="PASS">
          <params>
            <param index="0">
              <value>
                <![CDATA[chrome]]>
              </value>
            </param>
          </params>
          <reporter-output>
          </reporter-output>
        </test-method> <!-- launchBrowser -->
        <test-method signature="TC_05_mycartPSIMaddedex()[pri:0, instance:testcases.TC_05_mycartPSIMadded@2a54a73f]" started-at="2025-09-17T16:22:54 IST" name="TC_05_mycartPSIMaddedex" finished-at="2025-09-17T16:23:32 IST" duration-ms="38041" status="FAIL">
          <exception class="java.lang.AssertionError">
            <message>
              <![CDATA[Failed to navigate to next page  expected [Create accoun] but found [Create account]]]>
            </message>
            <full-stacktrace>
              <![CDATA[java.lang.AssertionError: Failed to navigate to next page  expected [Create accoun] but found [Create account]
at org.testng.Assert.fail(Assert.java:111)
at org.testng.Assert.failNotEquals(Assert.java:1578)
at org.testng.Assert.assertEqualsImpl(Assert.java:150)
at org.testng.Assert.assertEquals(Assert.java:132)
at org.testng.Assert.assertEquals(Assert.java:656)
at testcases.TC_05_mycartPSIMadded.TC_05_mycartPSIMaddedex(TC_05_mycartPSIMadded.java:51)
at java.base/jdk.internal.reflect.NativeMethodAccessorImpl.invoke0(Native Method)
at java.base/jdk.internal.reflect.NativeMethodAccessorImpl.invoke(NativeMethodAccessorImpl.java:62)
at java.base/jdk.internal.reflect.DelegatingMethodAccessorImpl.invoke(DelegatingMethodAccessorImpl.java:43)
at java.base/java.lang.reflect.Method.invoke(Method.java:566)
at org.testng.internal.invokers.MethodInvocationHelper.invokeMethod(MethodInvocationHelper.java:141)
at org.testng.internal.invokers.TestInvoker.invokeMethod(TestInvoker.java:686)
at org.testng.internal.invokers.TestInvoker.invokeTestMethod(TestInvoker.java:230)
at org.testng.internal.invokers.MethodRunner.runInSequence(MethodRunner.java:63)
at org.testng.internal.invokers.TestInvoker$MethodInvocationAgent.invoke(TestInvoker.java:992)
at org.testng.internal.invokers.TestInvoker.invokeTestMethods(TestInvoker.java:203)
at org.testng.internal.invokers.TestMethodWorker.invokeTestMethods(TestMethodWorker.java:154)
at org.testng.internal.invokers.TestMethodWorker.run(TestMethodWorker.java:134)
at java.base/java.util.ArrayList.forEach(ArrayList.java:1541)
at org.testng.TestRunner.privateRun(TestRunner.java:739)
at org.testng.TestRunner.run(TestRunner.java:614)
at org.testng.SuiteRunner.runTest(SuiteRunner.java:421)
at org.testng.SuiteRunner.runSequentially(SuiteRunner.java:413)
at org.testng.SuiteRunner.privateRun(SuiteRunner.java:373)
at org.testng.SuiteRunner.run(SuiteRunner.java:312)
at org.testng.SuiteRunnerWorker.runSuite(SuiteRunnerWorker.java:52)
at org.testng.SuiteRunnerWorker.run(SuiteRunnerWorker.java:95)
at org.testng.TestNG.runSuitesSequentially(TestNG.java:1274)
at org.testng.TestNG.runSuitesLocally(TestNG.java:1208)
at org.testng.TestNG.runSuites(TestNG.java:1112)
at org.testng.TestNG.run(TestNG.java:1079)
at com.intellij.rt.testng.IDEARemoteTestNG.run(IDEARemoteTestNG.java:65)
at com.intellij.rt.testng.RemoteTestNGStarter.main(RemoteTestNGStarter.java:105)
]]>
            </full-stacktrace>
          </exception> <!-- java.lang.AssertionError -->
          <reporter-output>
          </reporter-output>
        </test-method> <!-- TC_05_mycartPSIMaddedex -->
        <test-method is-config="true" signature="tearDown()[pri:0, instance:testcases.TC_05_mycartPSIMadded@2a54a73f]" started-at="2025-09-17T16:23:32 IST" name="tearDown" finished-at="2025-09-17T16:23:32 IST" duration-ms="213" status="PASS">
          <reporter-output>
          </reporter-output>
        </test-method> <!-- tearDown -->
      </class> <!-- testcases.TC_05_mycartPSIMadded -->
      <class name="testcases.TC_04_selectSIMobject">
        <test-method is-config="true" signature="launchBrowser(java.lang.String)[pri:0, instance:testcases.TC_04_selectSIMobject@71238fc2]" started-at="2025-09-17T16:22:14 IST" name="launchBrowser" finished-at="2025-09-17T16:22:19 IST" duration-ms="5846" status="PASS">
          <params>
            <param index="0">
              <value>
                <![CDATA[chrome]]>
              </value>
            </param>
          </params>
          <reporter-output>
          </reporter-output>
        </test-method> <!-- launchBrowser -->
        <test-method signature="TC_04_selet_SIM()[pri:0, instance:testcases.TC_04_selectSIMobject@71238fc2]" started-at="2025-09-17T16:22:19 IST" name="TC_04_selet_SIM" finished-at="2025-09-17T16:22:47 IST" duration-ms="27862" status="PASS">
          <reporter-output>
          </reporter-output>
        </test-method> <!-- TC_04_selet_SIM -->
        <test-method is-config="true" signature="tearDown()[pri:0, instance:testcases.TC_04_selectSIMobject@71238fc2]" started-at="2025-09-17T16:22:47 IST" name="tearDown" finished-at="2025-09-17T16:22:48 IST" duration-ms="182" status="PASS">
          <reporter-output>
          </reporter-output>
        </test-method> <!-- tearDown -->
      </class> <!-- testcases.TC_04_selectSIMobject -->
      <class name="testcases.TC_02_selectaPlan">
        <test-method is-config="true" signature="launchBrowser(java.lang.String)[pri:0, instance:testcases.TC_02_selectaPlan@662b4c69]" started-at="2025-09-17T16:21:30 IST" name="launchBrowser" finished-at="2025-09-17T16:21:37 IST" duration-ms="7223" status="PASS">
          <params>
            <param index="0">
              <value>
                <![CDATA[chrome]]>
              </value>
            </param>
          </params>
          <reporter-output>
          </reporter-output>
        </test-method> <!-- launchBrowser -->
        <test-method signature="TC_02_selectplan()[pri:0, instance:testcases.TC_02_selectaPlan@662b4c69]" started-at="2025-09-17T16:21:37 IST" name="TC_02_selectplan" finished-at="2025-09-17T16:21:48 IST" duration-ms="10560" status="PASS">
          <reporter-output>
          </reporter-output>
        </test-method> <!-- TC_02_selectplan -->
        <test-method is-config="true" signature="tearDown()[pri:0, instance:testcases.TC_02_selectaPlan@662b4c69]" started-at="2025-09-17T16:21:48 IST" name="tearDown" finished-at="2025-09-17T16:21:48 IST" duration-ms="220" status="PASS">
          <reporter-output>
          </reporter-output>
        </test-method> <!-- tearDown -->
      </class> <!-- testcases.TC_02_selectaPlan -->
      <class name="testcases.TC_03_bringYourPhone">
        <test-method is-config="true" signature="launchBrowser(java.lang.String)[pri:0, instance:testcases.TC_03_bringYourPhone@fa49800]" started-at="2025-09-17T16:21:48 IST" name="launchBrowser" finished-at="2025-09-17T16:21:55 IST" duration-ms="7502" status="PASS">
          <params>
            <param index="0">
              <value>
                <![CDATA[chrome]]>
              </value>
            </param>
          </params>
          <reporter-output>
          </reporter-output>
        </test-method> <!-- launchBrowser -->
        <test-method signature="TC_03_bringurphone()[pri:0, instance:testcases.TC_03_bringYourPhone@fa49800]" started-at="2025-09-17T16:21:55 IST" name="TC_03_bringurphone" finished-at="2025-09-17T16:22:13 IST" duration-ms="18044" status="PASS">
          <reporter-output>
          </reporter-output>
        </test-method> <!-- TC_03_bringurphone -->
        <test-method is-config="true" signature="tearDown()[pri:0, instance:testcases.TC_03_bringYourPhone@fa49800]" started-at="2025-09-17T16:22:13 IST" name="tearDown" finished-at="2025-09-17T16:22:14 IST" duration-ms="220" status="PASS">
          <reporter-output>
          </reporter-output>
        </test-method> <!-- tearDown -->
      </class> <!-- testcases.TC_03_bringYourPhone -->
      <class name="testcases.TC_01_shopPlanLink">
        <test-method is-config="true" signature="launchBrowser(java.lang.String)[pri:0, instance:testcases.TC_01_shopPlanLink@6d4e5011]" started-at="2025-09-17T16:21:11 IST" name="launchBrowser" finished-at="2025-09-17T16:21:20 IST" duration-ms="8544" status="PASS">
          <params>
            <param index="0">
              <value>
                <![CDATA[chrome]]>
              </value>
            </param>
          </params>
          <reporter-output>
          </reporter-output>
        </test-method> <!-- launchBrowser -->
        <test-method signature="TC_01_selectplnbutton()[pri:0, instance:testcases.TC_01_shopPlanLink@6d4e5011]" started-at="2025-09-17T16:21:20 IST" name="TC_01_selectplnbutton" finished-at="2025-09-17T16:21:30 IST" duration-ms="9822" status="PASS">
          <reporter-output>
          </reporter-output>
        </test-method> <!-- TC_01_selectplnbutton -->
        <test-method is-config="true" signature="tearDown()[pri:0, instance:testcases.TC_01_shopPlanLink@6d4e5011]" started-at="2025-09-17T16:21:30 IST" name="tearDown" finished-at="2025-09-17T16:21:30 IST" duration-ms="248" status="PASS">
          <reporter-output>
          </reporter-output>
        </test-method> <!-- tearDown -->
      </class> <!-- testcases.TC_01_shopPlanLink -->
    </test> <!-- Test -->
  </suite> <!-- Suite -->
</testng-results>
